Wed Apr 03 19:28:46 SGT 2024 : Apache Derby Network Server - 10.13.1.1 - (Unversioned directory) started and ready to accept connections on port 1527
----------------------------------------------------------------
Wed Apr 03 19:29:23 SGT 2024:
Booting Derby version The Apache Software Foundation - Apache Derby - 10.13.1.1 - (Unversioned directory): instance a816c00e-018e-a3b7-e2aa-00005173fcb8 
on database directory C:\Users\MSI_USER\Desktop\GUI\Database\userdb with class loader sun.misc.Launcher$AppClassLoader@1d44bcfa 
Loaded from file:/C:/Java%20DB/glassfish51/javadb/lib/derby.jar
java.vendor=Oracle Corporation
java.runtime.version=1.8.0_202-b08
user.dir=C:\Java DB\glassfish51\javadb
os.name=Windows 10
os.arch=amd64
os.version=10.0
derby.system.home=C:\Users\MSI_USER\Desktop\GUI\Database
Database Class Loader started - derby.database.classpath=''
----------------------------------------------------------------
Wed Apr 03 19:32:41 SGT 2024: Shutting down Derby engine
----------------------------------------------------------------
Wed Apr 03 19:32:41 SGT 2024:
Shutting down instance a816c00e-018e-a3b7-e2aa-00005173fcb8 on database directory C:\Users\MSI_USER\Desktop\GUI\Database\userdb with class loader sun.misc.Launcher$AppClassLoader@1d44bcfa 
----------------------------------------------------------------
